<?xml version="1.0" encoding="UTF-8"?>
<testng-results ignored="0" total="1" passed="1" failed="0" skipped="0">
  <reporter-output>
  </reporter-output>
  <suite started-at="2025-04-02T21:27:09 GMT+01:00" name="Suite" finished-at="2025-04-02T21:27:18 GMT+01:00" duration-ms="9548">
    <groups>
    </groups>
    <test started-at="2025-04-02T21:27:09 GMT+01:00" name="Test" finished-at="2025-04-02T21:27:18 GMT+01:00" duration-ms="9548">
      <class name="com.todos.tests.AddTodosTest">
        <test-method is-config="true" signature="setupTest(java.lang.String)[pri:0, instance:com.todos.tests.AddTodosTest@1d2adfbe]" started-at="2025-04-02T21:27:09 GMT+01:00" name="setupTest" finished-at="2025-04-02T21:27:18 GMT+01:00" duration-ms="9290" status="PASS">
          <params>
            <param index="0">
              <value>
                <![CDATA[chrome]]>
              </value>
            </param>
          </params>
          <reporter-output>
          </reporter-output>
        </test-method> <!-- setupTest -->
        <test-method signature="iAddToDo()[pri:0, instance:com.todos.tests.AddTodosTest@1d2adfbe]" started-at="2025-04-02T21:27:18 GMT+01:00" name="iAddToDo" finished-at="2025-04-02T21:27:18 GMT+01:00" duration-ms="234" status="PASS">
          <reporter-output>
          </reporter-output>
        </test-method> <!-- iAddToDo -->
        <test-method is-config="true" signature="teardown()[pri:0, instance:com.todos.tests.AddTodosTest@1d2adfbe]" started-at="2025-04-02T21:27:18 GMT+01:00" name="teardown" finished-at="2025-04-02T21:27:18 GMT+01:00" duration-ms="0" status="PASS">
          <reporter-output>
          </reporter-output>
        </test-method> <!-- teardown -->
      </class> <!-- com.todos.tests.AddTodosTest -->
    </test> <!-- Test -->
  </suite> <!-- Suite -->
</testng-results>
